Start testing: Sep 12 03:35 EDT
----------------------------------------------------------
1/9 Testing: Runs
1/9 Test: Runs
Command: "/srv/samba/private/development/cmake-tutorials/Step8_build/Tutorial" "25"
Directory: /srv/samba/private/development/cmake-tutorials/Step8_build
"Runs" start time: Sep 12 03:35 EDT
Output:
----------------------------------------------------------
Computing sqrt of 25 to be 13
Computing sqrt of 25 to be 7.46154
Computing sqrt of 25 to be 5.40603
Computing sqrt of 25 to be 5.01525
Computing sqrt of 25 to be 5.00002
Computing sqrt of 25 to be 5
Computing sqrt of 25 to be 5
Computing sqrt of 25 to be 5
Computing sqrt of 25 to be 5
Computing sqrt of 25 to be 5
The square root of 25 is 5
<end of output>
Test time =   0.00 sec
----------------------------------------------------------
Test Passed.
"Runs" end time: Sep 12 03:35 EDT
"Runs" time elapsed: 00:00:00
----------------------------------------------------------

2/9 Testing: Usage
2/9 Test: Usage
Command: "/srv/samba/private/development/cmake-tutorials/Step8_build/Tutorial"
Directory: /srv/samba/private/development/cmake-tutorials/Step8_build
"Usage" start time: Sep 12 03:35 EDT
Output:
----------------------------------------------------------
/srv/samba/private/development/cmake-tutorials/Step8_build/Tutorial Version 1.0
Usage: /srv/samba/private/development/cmake-tutorials/Step8_build/Tutorial number
<end of output>
Test time =   0.00 sec
----------------------------------------------------------
Test Pass Reason:
Required regular expression found. Regex=[Usage:.*number]
"Usage" end time: Sep 12 03:35 EDT
"Usage" time elapsed: 00:00:00
----------------------------------------------------------

3/9 Testing: Comp4
3/9 Test: Comp4
Command: "/srv/samba/private/development/cmake-tutorials/Step8_build/Tutorial" "4"
Directory: /srv/samba/private/development/cmake-tutorials/Step8_build
"Comp4" start time: Sep 12 03:35 EDT
Output:
----------------------------------------------------------
Use the table to help find an initial value 
Computing sqrt of 4 to be 2
Computing sqrt of 4 to be 2
Computing sqrt of 4 to be 2
Computing sqrt of 4 to be 2
Computing sqrt of 4 to be 2
Computing sqrt of 4 to be 2
Computing sqrt of 4 to be 2
Computing sqrt of 4 to be 2
Computing sqrt of 4 to be 2
Computing sqrt of 4 to be 2
The square root of 4 is 2
<end of output>
Test time =   0.00 sec
----------------------------------------------------------
Test Pass Reason:
Required regular expression found. Regex=[4 is 2]
"Comp4" end time: Sep 12 03:35 EDT
"Comp4" time elapsed: 00:00:00
----------------------------------------------------------

4/9 Testing: Comp9
4/9 Test: Comp9
Command: "/srv/samba/private/development/cmake-tutorials/Step8_build/Tutorial" "9"
Directory: /srv/samba/private/development/cmake-tutorials/Step8_build
"Comp9" start time: Sep 12 03:35 EDT
Output:
----------------------------------------------------------
Use the table to help find an initial value 
Computing sqrt of 9 to be 3
Computing sqrt of 9 to be 3
Computing sqrt of 9 to be 3
Computing sqrt of 9 to be 3
Computing sqrt of 9 to be 3
Computing sqrt of 9 to be 3
Computing sqrt of 9 to be 3
Computing sqrt of 9 to be 3
Computing sqrt of 9 to be 3
Computing sqrt of 9 to be 3
The square root of 9 is 3
<end of output>
Test time =   0.00 sec
----------------------------------------------------------
Test Pass Reason:
Required regular expression found. Regex=[9 is 3]
"Comp9" end time: Sep 12 03:35 EDT
"Comp9" time elapsed: 00:00:00
----------------------------------------------------------

5/9 Testing: Comp5
5/9 Test: Comp5
Command: "/srv/samba/private/development/cmake-tutorials/Step8_build/Tutorial" "5"
Directory: /srv/samba/private/development/cmake-tutorials/Step8_build
"Comp5" start time: Sep 12 03:35 EDT
Output:
----------------------------------------------------------
Use the table to help find an initial value 
Computing sqrt of 5 to be 2.23607
Computing sqrt of 5 to be 2.23607
Computing sqrt of 5 to be 2.23607
Computing sqrt of 5 to be 2.23607
Computing sqrt of 5 to be 2.23607
Computing sqrt of 5 to be 2.23607
Computing sqrt of 5 to be 2.23607
Computing sqrt of 5 to be 2.23607
Computing sqrt of 5 to be 2.23607
Computing sqrt of 5 to be 2.23607
The square root of 5 is 2.23607
<end of output>
Test time =   0.00 sec
----------------------------------------------------------
Test Pass Reason:
Required regular expression found. Regex=[5 is 2.236]
"Comp5" end time: Sep 12 03:35 EDT
"Comp5" time elapsed: 00:00:00
----------------------------------------------------------

6/9 Testing: Comp7
6/9 Test: Comp7
Command: "/srv/samba/private/development/cmake-tutorials/Step8_build/Tutorial" "7"
Directory: /srv/samba/private/development/cmake-tutorials/Step8_build
"Comp7" start time: Sep 12 03:35 EDT
Output:
----------------------------------------------------------
Use the table to help find an initial value 
Computing sqrt of 7 to be 2.64575
Computing sqrt of 7 to be 2.64575
Computing sqrt of 7 to be 2.64575
Computing sqrt of 7 to be 2.64575
Computing sqrt of 7 to be 2.64575
Computing sqrt of 7 to be 2.64575
Computing sqrt of 7 to be 2.64575
Computing sqrt of 7 to be 2.64575
Computing sqrt of 7 to be 2.64575
Computing sqrt of 7 to be 2.64575
The square root of 7 is 2.64575
<end of output>
Test time =   0.00 sec
----------------------------------------------------------
Test Pass Reason:
Required regular expression found. Regex=[7 is 2.645]
"Comp7" end time: Sep 12 03:35 EDT
"Comp7" time elapsed: 00:00:00
----------------------------------------------------------

7/9 Testing: Comp25
7/9 Test: Comp25
Command: "/srv/samba/private/development/cmake-tutorials/Step8_build/Tutorial" "25"
Directory: /srv/samba/private/development/cmake-tutorials/Step8_build
"Comp25" start time: Sep 12 03:35 EDT
Output:
----------------------------------------------------------
Computing sqrt of 25 to be 13
Computing sqrt of 25 to be 7.46154
Computing sqrt of 25 to be 5.40603
Computing sqrt of 25 to be 5.01525
Computing sqrt of 25 to be 5.00002
Computing sqrt of 25 to be 5
Computing sqrt of 25 to be 5
Computing sqrt of 25 to be 5
Computing sqrt of 25 to be 5
Computing sqrt of 25 to be 5
The square root of 25 is 5
<end of output>
Test time =   0.00 sec
----------------------------------------------------------
Test Pass Reason:
Required regular expression found. Regex=[25 is 5]
"Comp25" end time: Sep 12 03:35 EDT
"Comp25" time elapsed: 00:00:00
----------------------------------------------------------

8/9 Testing: Comp-25
8/9 Test: Comp-25
Command: "/srv/samba/private/development/cmake-tutorials/Step8_build/Tutorial" "-25"
Directory: /srv/samba/private/development/cmake-tutorials/Step8_build
"Comp-25" start time: Sep 12 03:35 EDT
Output:
----------------------------------------------------------
The square root of -25 is 0
<end of output>
Test time =   0.00 sec
----------------------------------------------------------
Test Pass Reason:
Required regular expression found. Regex=[-25 is [-nan|nan|0]]
"Comp-25" end time: Sep 12 03:35 EDT
"Comp-25" time elapsed: 00:00:00
----------------------------------------------------------

9/9 Testing: Comp0.0001
9/9 Test: Comp0.0001
Command: "/srv/samba/private/development/cmake-tutorials/Step8_build/Tutorial" "0.0001"
Directory: /srv/samba/private/development/cmake-tutorials/Step8_build
"Comp0.0001" start time: Sep 12 03:35 EDT
Output:
----------------------------------------------------------
Computing sqrt of 0.0001 to be 0.50005
Computing sqrt of 0.0001 to be 0.250125
Computing sqrt of 0.0001 to be 0.125262
Computing sqrt of 0.0001 to be 0.0630304
Computing sqrt of 0.0001 to be 0.0323084
Computing sqrt of 0.0001 to be 0.0177018
Computing sqrt of 0.0001 to be 0.0116755
Computing sqrt of 0.0001 to be 0.0101202
Computing sqrt of 0.0001 to be 0.0100007
Computing sqrt of 0.0001 to be 0.01
The square root of 0.0001 is 0.01
<end of output>
Test time =   0.00 sec
----------------------------------------------------------
Test Pass Reason:
Required regular expression found. Regex=[0.0001 is 0.01]
"Comp0.0001" end time: Sep 12 03:35 EDT
"Comp0.0001" time elapsed: 00:00:00
----------------------------------------------------------

End testing: Sep 12 03:35 EDT
